Performing C SOURCE FILE Test CMAKE_HAVE_LIBC_PTHREAD failed with the following output:
Change Dir: /root/dev/networkcmake/build/CMakeFiles/CMakeTmp

Run Build Command(s):/usr/bin/gmake cmTC_860ce/fast && /usr/bin/gmake  -f CMakeFiles/cmTC_860ce.dir/build.make CMakeFiles/cmTC_860ce.dir/build
gmake[1]: Entering directory '/root/dev/networkcmake/build/CMakeFiles/CMakeTmp'
Building C object CMakeFiles/cmTC_860ce.dir/src.c.o
/usr/bin/cc -DCMAKE_HAVE_LIBC_PTHREAD   -o CMakeFiles/cmTC_860ce.dir/src.c.o -c /root/dev/networkcmake/build/CMakeFiles/CMakeTmp/src.c
Linking C executable cmTC_860ce
/usr/bin/cmake -E cmake_link_script CMakeFiles/cmTC_860ce.dir/link.txt --verbose=1
/usr/bin/cc CMakeFiles/cmTC_860ce.dir/src.c.o -o cmTC_860ce 
/usr/lib/gcc/x86_64-pc-linux-gnu/10.2.0/../../../../x86_64-pc-linux-gnu/bin/ld: CMakeFiles/cmTC_860ce.dir/src.c.o: in function `main':
src.c:(.text+0x3e): undefined reference to `pthread_create'
/usr/lib/gcc/x86_64-pc-linux-gnu/10.2.0/../../../../x86_64-pc-linux-gnu/bin/ld: src.c:(.text+0x4a): undefined reference to `pthread_detach'
/usr/lib/gcc/x86_64-pc-linux-gnu/10.2.0/../../../../x86_64-pc-linux-gnu/bin/ld: src.c:(.text+0x56): undefined reference to `pthread_cancel'
/usr/lib/gcc/x86_64-pc-linux-gnu/10.2.0/../../../../x86_64-pc-linux-gnu/bin/ld: src.c:(.text+0x67): undefined reference to `pthread_join'
collect2: error: ld returned 1 exit status
gmake[1]: *** [CMakeFiles/cmTC_860ce.dir/build.make:106: cmTC_860ce] Error 1
gmake[1]: Leaving directory '/root/dev/networkcmake/build/CMakeFiles/CMakeTmp'
gmake: *** [Makefile:140: cmTC_860ce/fast] Error 2


Source file was:
#include <pthread.h>

static void* test_func(void* data)
{
  return data;
}

int main(void)
{
  pthread_t thread;
  pthread_create(&thread, NULL, test_func, NULL);
  pthread_detach(thread);
  pthread_cancel(thread);
  pthread_join(thread, NULL);
  pthread_atfork(NULL, NULL, NULL);
  pthread_exit(NULL);

  return 0;
}

Performing C SOURCE FILE Test CMAKE_HAVE_LIBC_PTHREAD failed with the following output:
Change Dir: /root/dev/network/build/CMakeFiles/CMakeTmp

Run Build Command(s):/usr/bin/gmake cmTC_46d4d/fast && /usr/bin/gmake  -f CMakeFiles/cmTC_46d4d.dir/build.make CMakeFiles/cmTC_46d4d.dir/build
gmake[1]: Entering directory '/root/dev/network/build/CMakeFiles/CMakeTmp'
Building C object CMakeFiles/cmTC_46d4d.dir/src.c.o
/usr/bin/cc -DCMAKE_HAVE_LIBC_PTHREAD   -o CMakeFiles/cmTC_46d4d.dir/src.c.o -c /root/dev/network/build/CMakeFiles/CMakeTmp/src.c
Linking C executable cmTC_46d4d
/usr/bin/cmake -E cmake_link_script CMakeFiles/cmTC_46d4d.dir/link.txt --verbose=1
/usr/bin/cc CMakeFiles/cmTC_46d4d.dir/src.c.o -o cmTC_46d4d 
/usr/lib/gcc/x86_64-pc-linux-gnu/10.2.0/../../../../x86_64-pc-linux-gnu/bin/ld: CMakeFiles/cmTC_46d4d.dir/src.c.o: in function `main':
src.c:(.text+0x3e): undefined reference to `pthread_create'
/usr/lib/gcc/x86_64-pc-linux-gnu/10.2.0/../../../../x86_64-pc-linux-gnu/bin/ld: src.c:(.text+0x4a): undefined reference to `pthread_detach'
/usr/lib/gcc/x86_64-pc-linux-gnu/10.2.0/../../../../x86_64-pc-linux-gnu/bin/ld: src.c:(.text+0x56): undefined reference to `pthread_cancel'
/usr/lib/gcc/x86_64-pc-linux-gnu/10.2.0/../../../../x86_64-pc-linux-gnu/bin/ld: src.c:(.text+0x67): undefined reference to `pthread_join'
collect2: error: ld returned 1 exit status
gmake[1]: *** [CMakeFiles/cmTC_46d4d.dir/build.make:106: cmTC_46d4d] Error 1
gmake[1]: Leaving directory '/root/dev/network/build/CMakeFiles/CMakeTmp'
gmake: *** [Makefile:140: cmTC_46d4d/fast] Error 2


Source file was:
#include <pthread.h>

static void* test_func(void* data)
{
  return data;
}

int main(void)
{
  pthread_t thread;
  pthread_create(&thread, NULL, test_func, NULL);
  pthread_detach(thread);
  pthread_cancel(thread);
  pthread_join(thread, NULL);
  pthread_atfork(NULL, NULL, NULL);
  pthread_exit(NULL);

  return 0;
}

Performing C SOURCE FILE Test CMAKE_HAVE_LIBC_PTHREAD failed with the following output:
Change Dir: /root/dev/sokyu-node/build/CMakeFiles/CMakeTmp

Run Build Command(s):/usr/bin/gmake cmTC_a213c/fast && /usr/bin/gmake  -f CMakeFiles/cmTC_a213c.dir/build.make CMakeFiles/cmTC_a213c.dir/build
gmake[1]: Entering directory '/root/dev/sokyu-node/build/CMakeFiles/CMakeTmp'
Building C object CMakeFiles/cmTC_a213c.dir/src.c.o
/usr/bin/cc -DCMAKE_HAVE_LIBC_PTHREAD   -o CMakeFiles/cmTC_a213c.dir/src.c.o -c /root/dev/sokyu-node/build/CMakeFiles/CMakeTmp/src.c
Linking C executable cmTC_a213c
/usr/bin/cmake -E cmake_link_script CMakeFiles/cmTC_a213c.dir/link.txt --verbose=1
/usr/bin/cc CMakeFiles/cmTC_a213c.dir/src.c.o -o cmTC_a213c 
/usr/lib/gcc/x86_64-pc-linux-gnu/10.2.0/../../../../x86_64-pc-linux-gnu/bin/ld: CMakeFiles/cmTC_a213c.dir/src.c.o: in function `main':
src.c:(.text+0x3e): undefined reference to `pthread_create'
/usr/lib/gcc/x86_64-pc-linux-gnu/10.2.0/../../../../x86_64-pc-linux-gnu/bin/ld: src.c:(.text+0x4a): undefined reference to `pthread_detach'
/usr/lib/gcc/x86_64-pc-linux-gnu/10.2.0/../../../../x86_64-pc-linux-gnu/bin/ld: src.c:(.text+0x56): undefined reference to `pthread_cancel'
/usr/lib/gcc/x86_64-pc-linux-gnu/10.2.0/../../../../x86_64-pc-linux-gnu/bin/ld: src.c:(.text+0x67): undefined reference to `pthread_join'
collect2: error: ld returned 1 exit status
gmake[1]: *** [CMakeFiles/cmTC_a213c.dir/build.make:106: cmTC_a213c] Error 1
gmake[1]: Leaving directory '/root/dev/sokyu-node/build/CMakeFiles/CMakeTmp'
gmake: *** [Makefile:140: cmTC_a213c/fast] Error 2


Source file was:
#include <pthread.h>

static void* test_func(void* data)
{
  return data;
}

int main(void)
{
  pthread_t thread;
  pthread_create(&thread, NULL, test_func, NULL);
  pthread_detach(thread);
  pthread_cancel(thread);
  pthread_join(thread, NULL);
  pthread_atfork(NULL, NULL, NULL);
  pthread_exit(NULL);

  return 0;
}

Performing C SOURCE FILE Test CMAKE_HAVE_LIBC_PTHREAD failed with the following output:
Change Dir: /root/dev/sokyu-node/build/CMakeFiles/CMakeTmp

Run Build Command(s):/usr/bin/gmake cmTC_9db7c/fast && /usr/bin/gmake  -f CMakeFiles/cmTC_9db7c.dir/build.make CMakeFiles/cmTC_9db7c.dir/build
gmake[1]: Entering directory '/root/dev/sokyu-node/build/CMakeFiles/CMakeTmp'
Building C object CMakeFiles/cmTC_9db7c.dir/src.c.o
/usr/bin/cc -DCMAKE_HAVE_LIBC_PTHREAD   -o CMakeFiles/cmTC_9db7c.dir/src.c.o -c /root/dev/sokyu-node/build/CMakeFiles/CMakeTmp/src.c
Linking C executable cmTC_9db7c
/usr/bin/cmake -E cmake_link_script CMakeFiles/cmTC_9db7c.dir/link.txt --verbose=1
/usr/bin/cc CMakeFiles/cmTC_9db7c.dir/src.c.o -o cmTC_9db7c 
/usr/lib/gcc/x86_64-pc-linux-gnu/10.2.0/../../../../x86_64-pc-linux-gnu/bin/ld: CMakeFiles/cmTC_9db7c.dir/src.c.o: in function `main':
src.c:(.text+0x3e): undefined reference to `pthread_create'
/usr/lib/gcc/x86_64-pc-linux-gnu/10.2.0/../../../../x86_64-pc-linux-gnu/bin/ld: src.c:(.text+0x4a): undefined reference to `pthread_detach'
/usr/lib/gcc/x86_64-pc-linux-gnu/10.2.0/../../../../x86_64-pc-linux-gnu/bin/ld: src.c:(.text+0x56): undefined reference to `pthread_cancel'
/usr/lib/gcc/x86_64-pc-linux-gnu/10.2.0/../../../../x86_64-pc-linux-gnu/bin/ld: src.c:(.text+0x67): undefined reference to `pthread_join'
collect2: error: ld returned 1 exit status
gmake[1]: *** [CMakeFiles/cmTC_9db7c.dir/build.make:106: cmTC_9db7c] Error 1
gmake[1]: Leaving directory '/root/dev/sokyu-node/build/CMakeFiles/CMakeTmp'
gmake: *** [Makefile:140: cmTC_9db7c/fast] Error 2


Source file was:
#include <pthread.h>

static void* test_func(void* data)
{
  return data;
}

int main(void)
{
  pthread_t thread;
  pthread_create(&thread, NULL, test_func, NULL);
  pthread_detach(thread);
  pthread_cancel(thread);
  pthread_join(thread, NULL);
  pthread_atfork(NULL, NULL, NULL);
  pthread_exit(NULL);

  return 0;
}

